<?xml version="1.0" encoding="UTF-8"?>
<testng-results ignored="0" total="1" passed="1" failed="0" skipped="0">
  <reporter-output>
  </reporter-output>
  <suite started-at="2020-10-21T18:51:13 CDT" name="Default suite" finished-at="2020-10-21T18:51:35 CDT" duration-ms="22858">
    <groups>
      <group name="cucumber">
        <method signature="AbstractTestNGCucumberTests.feature(cucumber.api.testng.CucumberFeatureWrapper)[pri:0, instance:RunTest@1e802ef9]" name="feature" class="cucumber.api.testng.AbstractTestNGCucumberTests"/>
      </group> <!-- cucumber -->
    </groups>
    <test started-at="2020-10-21T18:51:13 CDT" name="Default test" finished-at="2020-10-21T18:51:35 CDT" duration-ms="22858">
      <class name="RunTest">
        <test-method is-config="true" signature="setUpClass()[pri:0, instance:RunTest@1e802ef9]" started-at="2020-10-21T18:51:13 CDT" name="setUpClass" finished-at="2020-10-21T18:51:13 CDT" duration-ms="259" status="PASS">
          <reporter-output>
          </reporter-output>
        </test-method> <!-- setUpClass -->
        <test-method signature="feature(cucumber.api.testng.CucumberFeatureWrapper)[pri:0, instance:RunTest@1e802ef9]" started-at="2020-10-21T18:51:13 CDT" name="feature" description="Runs Cucumber Feature" data-provider="features" finished-at="2020-10-21T18:51:35 CDT" duration-ms="22469" status="PASS">
          <params>
            <param index="0">
              <value>
                <![CDATA[BNC Login]]>
              </value>
            </param>
          </params>
          <reporter-output>
          </reporter-output>
        </test-method> <!-- feature -->
        <test-method is-config="true" signature="tearDownClass()[pri:0, instance:RunTest@1e802ef9]" started-at="2020-10-21T18:51:35 CDT" name="tearDownClass" finished-at="2020-10-21T18:51:35 CDT" duration-ms="3" status="PASS">
          <reporter-output>
          </reporter-output>
        </test-method> <!-- tearDownClass -->
      </class> <!-- RunTest -->
    </test> <!-- Default test -->
  </suite> <!-- Default suite -->
</testng-results>
